2026-02-03 09:47:28,770 DEBUG [TestNG-tests-1] InternalLoggerFactory:89 - Using Log4J as the default logging framework
2026-02-03 09:47:28,776 DEBUG [TestNG-tests-1] ResourceLeakDetector:129 - -Dio.netty.leakDetection.level: simple
2026-02-03 09:47:28,777 DEBUG [TestNG-tests-1] ResourceLeakDetector:130 - -Dio.netty.leakDetection.targetRecords: 4
2026-02-03 09:47:28,781 DEBUG [TestNG-tests-1] ResourceLeakDetectorFactory:196 - Loaded default ResourceLeakDetector: io.netty.util.ResourceLeakDetector@3af079f8
2026-02-03 09:47:28,801 DEBUG [TestNG-tests-1] PlatformDependent0:460 - -Dio.netty.noUnsafe: false
2026-02-03 09:47:28,802 DEBUG [TestNG-tests-1] PlatformDependent0:954 - Java version: 17
2026-02-03 09:47:28,805 DEBUG [TestNG-tests-1] PlatformDependent0:135 - sun.misc.Unsafe.theUnsafe: available
2026-02-03 09:47:28,806 DEBUG [TestNG-tests-1] PlatformDependent0:159 - sun.misc.Unsafe.copyMemory: available
2026-02-03 09:47:28,807 DEBUG [TestNG-tests-1] PlatformDependent0:202 - java.nio.Buffer.address: available
2026-02-03 09:47:28,808 DEBUG [TestNG-tests-1] PlatformDependent0:285 - direct buffer constructor: unavailable: Reflective setAccessible(true) disabled
2026-02-03 09:47:28,809 DEBUG [TestNG-tests-1] PlatformDependent0:350 - java.nio.Bits.unaligned: available, true
2026-02-03 09:47:28,811 DEBUG [TestNG-tests-1] PlatformDependent0:417 - jdk.internal.misc.Unsafe.allocateUninitializedArray(int): unavailable: class io.netty.util.internal.PlatformDependent0$6 cannot access class jdk.internal.misc.Unsafe (in module java.base) because module java.base does not export jdk.internal.misc to unnamed module @6646153
2026-02-03 09:47:28,812 DEBUG [TestNG-tests-1] PlatformDependent0:446 - java.nio.DirectByteBuffer.<init>(long, int): unavailable
2026-02-03 09:47:28,812 DEBUG [TestNG-tests-1] PlatformDependent:1103 - sun.misc.Unsafe: available
2026-02-03 09:47:28,814 DEBUG [TestNG-tests-1] PlatformDependent:1205 - maxDirectMemory: 2095054848 bytes (maybe)
2026-02-03 09:47:28,814 DEBUG [TestNG-tests-1] PlatformDependent:1224 - -Dio.netty.tmpdir: C:\Users\vicky\AppData\Local\Temp (java.io.tmpdir)
2026-02-03 09:47:28,816 DEBUG [TestNG-tests-1] PlatformDependent:1303 - -Dio.netty.bitMode: 64 (sun.arch.data.model)
2026-02-03 09:47:28,817 DEBUG [TestNG-tests-1] PlatformDependent:1063 - Platform: Windows
2026-02-03 09:47:28,818 DEBUG [TestNG-tests-1] PlatformDependent:178 - -Dio.netty.maxDirectMemory: -1 bytes
2026-02-03 09:47:28,819 DEBUG [TestNG-tests-1] PlatformDependent:185 - -Dio.netty.uninitializedArrayAllocationThreshold: -1
2026-02-03 09:47:28,820 DEBUG [TestNG-tests-1] CleanerJava9:71 - java.nio.ByteBuffer.cleaner(): available
2026-02-03 09:47:28,821 DEBUG [TestNG-tests-1] PlatformDependent:205 - -Dio.netty.noPreferDirect: false
2026-02-03 09:47:28,829 DEBUG [TestNG-tests-1] PlatformDependent:967 - org.jctools-core.MpscChunkedArrayQueue: available
2026-02-03 09:47:28,845 DEBUG [TestNG-tests-1] InternalThreadLocalMap:83 - -Dio.netty.threadLocalMap.stringBuilder.initialSize: 1024
2026-02-03 09:47:28,846 DEBUG [TestNG-tests-1] InternalThreadLocalMap:86 - -Dio.netty.threadLocalMap.stringBuilder.maxSize: 4096
2026-02-03 09:47:28,998 DEBUG [TestNG-tests-1] JdkSslContext:97 - Default protocols (JDK): [TLSv1.3, TLSv1.2] 
2026-02-03 09:47:28,998 DEBUG [TestNG-tests-1] JdkSslContext:98 - Default cipher suites (JDK): [TLS_ECDHE_ECDSA_WITH_AES_256_GCM_SHA384, TLS_ECDHE_ECDSA_WITH_AES_128_GCM_SHA256, TLS_ECDHE_RSA_WITH_AES_128_GCM_SHA256, TLS_ECDHE_RSA_WITH_AES_256_GCM_SHA384, TLS_ECDHE_RSA_WITH_AES_128_CBC_SHA, TLS_ECDHE_RSA_WITH_AES_256_CBC_SHA, TLS_RSA_WITH_AES_128_GCM_SHA256, TLS_RSA_WITH_AES_128_CBC_SHA, TLS_RSA_WITH_AES_256_CBC_SHA, TLS_AES_128_GCM_SHA256, TLS_AES_256_GCM_SHA384]
2026-02-03 09:47:29,013 DEBUG [TestNG-tests-1] MultithreadEventLoopGroup:44 - -Dio.netty.eventLoopThreads: 8
2026-02-03 09:47:29,021 DEBUG [TestNG-tests-1] NioEventLoop:106 - -Dio.netty.noKeySetOptimization: false
2026-02-03 09:47:29,022 DEBUG [TestNG-tests-1] NioEventLoop:107 - -Dio.netty.selectorAutoRebuildThreshold: 512
2026-02-03 09:47:29,067 DEBUG [TestNG-tests-1] PooledByteBufAllocator:155 - -Dio.netty.allocator.numHeapArenas: 8
2026-02-03 09:47:29,068 DEBUG [TestNG-tests-1] PooledByteBufAllocator:156 - -Dio.netty.allocator.numDirectArenas: 8
2026-02-03 09:47:29,068 DEBUG [TestNG-tests-1] PooledByteBufAllocator:158 - -Dio.netty.allocator.pageSize: 8192
2026-02-03 09:47:29,068 DEBUG [TestNG-tests-1] PooledByteBufAllocator:163 - -Dio.netty.allocator.maxOrder: 11
2026-02-03 09:47:29,068 DEBUG [TestNG-tests-1] PooledByteBufAllocator:167 - -Dio.netty.allocator.chunkSize: 16777216
2026-02-03 09:47:29,068 DEBUG [TestNG-tests-1] PooledByteBufAllocator:168 - -Dio.netty.allocator.smallCacheSize: 256
2026-02-03 09:47:29,070 DEBUG [TestNG-tests-1] PooledByteBufAllocator:169 - -Dio.netty.allocator.normalCacheSize: 64
2026-02-03 09:47:29,070 DEBUG [TestNG-tests-1] PooledByteBufAllocator:170 - -Dio.netty.allocator.maxCachedBufferCapacity: 32768
2026-02-03 09:47:29,070 DEBUG [TestNG-tests-1] PooledByteBufAllocator:171 - -Dio.netty.allocator.cacheTrimInterval: 8192
2026-02-03 09:47:29,070 DEBUG [TestNG-tests-1] PooledByteBufAllocator:172 - -Dio.netty.allocator.cacheTrimIntervalMillis: 0
2026-02-03 09:47:29,070 DEBUG [TestNG-tests-1] PooledByteBufAllocator:173 - -Dio.netty.allocator.useCacheForAllThreads: true
2026-02-03 09:47:29,070 DEBUG [TestNG-tests-1] PooledByteBufAllocator:174 - -Dio.netty.allocator.maxCachedByteBuffersPerChunk: 1023
2026-02-03 09:47:29,079 DEBUG [TestNG-tests-1] ByteBufUtil:87 - -Dio.netty.allocator.type: pooled
2026-02-03 09:47:29,080 DEBUG [TestNG-tests-1] ByteBufUtil:96 - -Dio.netty.threadLocalDirectBufferSize: 0
2026-02-03 09:47:29,083 DEBUG [TestNG-tests-1] ByteBufUtil:99 - -Dio.netty.maxThreadLocalCharBufferSize: 16384
2026-02-03 09:47:29,352 DEBUG [Forwarding newSession on session null to remote] DefaultChannelId:79 - -Dio.netty.processId: 15692 (auto-detected)
2026-02-03 09:47:29,354 DEBUG [Forwarding newSession on session null to remote] NetUtil:135 - -Djava.net.preferIPv4Stack: false
2026-02-03 09:47:29,355 DEBUG [Forwarding newSession on session null to remote] NetUtil:136 - -Djava.net.preferIPv6Addresses: false
2026-02-03 09:47:29,362 DEBUG [Forwarding newSession on session null to remote] NetUtilInitializations:129 - Loopback interface: lo (Software Loopback Interface 1, 127.0.0.1)
2026-02-03 09:47:29,364 DEBUG [Forwarding newSession on session null to remote] NetUtil:187 - Failed to get SOMAXCONN from sysctl and file \proc\sys\net\core\somaxconn. Default: 200
2026-02-03 09:47:29,378 DEBUG [Forwarding newSession on session null to remote] DefaultChannelId:101 - -Dio.netty.machineId: 48:68:4a:ff:fe:d3:b3:9b (auto-detected)
2026-02-03 09:47:29,428 DEBUG [AsyncHttpClient-1-2] AbstractByteBuf:63 - -Dio.netty.buffer.checkAccessible: true
2026-02-03 09:47:29,428 DEBUG [AsyncHttpClient-1-2] AbstractByteBuf:64 - -Dio.netty.buffer.checkBounds: true
2026-02-03 09:47:29,428 DEBUG [AsyncHttpClient-1-2] ResourceLeakDetectorFactory:196 - Loaded default ResourceLeakDetector: io.netty.util.ResourceLeakDetector@1e15957a
2026-02-03 09:47:29,446 DEBUG [AsyncHttpClient-1-2] Recycler:103 - -Dio.netty.recycler.maxCapacityPerThread: 4096
2026-02-03 09:47:29,446 DEBUG [AsyncHttpClient-1-2] Recycler:104 - -Dio.netty.recycler.maxSharedCapacityFactor: 2
2026-02-03 09:47:29,447 DEBUG [AsyncHttpClient-1-2] Recycler:105 - -Dio.netty.recycler.linkCapacity: 16
2026-02-03 09:47:29,447 DEBUG [AsyncHttpClient-1-2] Recycler:106 - -Dio.netty.recycler.ratio: 8
2026-02-03 09:47:29,447 DEBUG [AsyncHttpClient-1-2] Recycler:107 - -Dio.netty.recycler.delayedQueue.ratio: 8
2026-02-03 09:47:30,319 DEBUG [AsyncHttpClient-1-2] Brotli:38 - brotli4j not in the classpath; Brotli support will be unavailable.
2026-02-03 09:47:30,486 DEBUG [TestNG-tests-1] ThreadLocalRandom:214 - -Dio.netty.initialSeedUniquifier: 0x1f5e72a86b6a34db
2026-02-03 09:50:42,842 DEBUG [main] cache:45 - Couldn't find template in cache for "index.ftl"("en", UTF-8, parsed); will try to load it.
2026-02-03 09:50:42,845 DEBUG [main] cache:45 - TemplateLoader.findTemplateSource("index_en.ftl"): Not found
2026-02-03 09:50:42,849 DEBUG [main] cache:45 - TemplateLoader.findTemplateSource("index.ftl"): Found
2026-02-03 09:50:42,850 DEBUG [main] cache:45 - Loading template for "index.ftl"("en", UTF-8, parsed) from "jar:file:/C:/Users/vicky/.m2/repository/com/aventstack/extentreports/3.1.5/extentreports-3.1.5.jar!/com/aventstack/extentreports/view/html-report/index.ftl"
2026-02-03 09:50:43,229 DEBUG [main] cache:45 - Couldn't find template in cache for "head.ftl"("en", UTF-8, parsed); will try to load it.
2026-02-03 09:50:43,230 DEBUG [main] cache:45 - TemplateLoader.findTemplateSource("head_en.ftl"): Not found
2026-02-03 09:50:43,232 DEBUG [main] cache:45 - TemplateLoader.findTemplateSource("head.ftl"): Found
2026-02-03 09:50:43,232 DEBUG [main] cache:45 - Loading template for "head.ftl"("en", UTF-8, parsed) from "jar:file:/C:/Users/vicky/.m2/repository/com/aventstack/extentreports/3.1.5/extentreports-3.1.5.jar!/com/aventstack/extentreports/view/html-report/head.ftl"
2026-02-03 09:50:43,239 DEBUG [main] cache:45 - Couldn't find template in cache for "nav.ftl"("en", UTF-8, parsed); will try to load it.
2026-02-03 09:50:43,241 DEBUG [main] cache:45 - TemplateLoader.findTemplateSource("nav_en.ftl"): Not found
2026-02-03 09:50:43,242 DEBUG [main] cache:45 - TemplateLoader.findTemplateSource("nav.ftl"): Found
2026-02-03 09:50:43,244 DEBUG [main] cache:45 - Loading template for "nav.ftl"("en", UTF-8, parsed) from "jar:file:/C:/Users/vicky/.m2/repository/com/aventstack/extentreports/3.1.5/extentreports-3.1.5.jar!/com/aventstack/extentreports/view/html-report/nav.ftl"
2026-02-03 09:50:43,262 DEBUG [main] cache:45 - Couldn't find template in cache for "test-view/test-view.ftl"("en", UTF-8, parsed); will try to load it.
2026-02-03 09:50:43,263 DEBUG [main] cache:45 - TemplateLoader.findTemplateSource("test-view/test-view_en.ftl"): Not found
2026-02-03 09:50:43,264 DEBUG [main] cache:45 - TemplateLoader.findTemplateSource("test-view/test-view.ftl"): Found
2026-02-03 09:50:43,264 DEBUG [main] cache:45 - Loading template for "test-view/test-view.ftl"("en", UTF-8, parsed) from "jar:file:/C:/Users/vicky/.m2/repository/com/aventstack/extentreports/3.1.5/extentreports-3.1.5.jar!/com/aventstack/extentreports/view/html-report/test-view/test-view.ftl"
2026-02-03 09:50:43,306 DEBUG [main] cache:45 - Couldn't find template in cache for "test-view/standard.ftl"("en", UTF-8, parsed); will try to load it.
2026-02-03 09:50:43,309 DEBUG [main] cache:45 - TemplateLoader.findTemplateSource("test-view/standard_en.ftl"): Not found
2026-02-03 09:50:43,310 DEBUG [main] cache:45 - TemplateLoader.findTemplateSource("test-view/standard.ftl"): Found
2026-02-03 09:50:43,311 DEBUG [main] cache:45 - Loading template for "test-view/standard.ftl"("en", UTF-8, parsed) from "jar:file:/C:/Users/vicky/.m2/repository/com/aventstack/extentreports/3.1.5/extentreports-3.1.5.jar!/com/aventstack/extentreports/view/html-report/test-view/standard.ftl"
2026-02-03 09:50:43,353 DEBUG [main] cache:45 - "test-view/standard.ftl"("en", UTF-8, parsed) cached copy not yet stale; using cached.
2026-02-03 09:50:43,361 DEBUG [main] cache:45 - "test-view/standard.ftl"("en", UTF-8, parsed) cached copy not yet stale; using cached.
2026-02-03 09:50:43,363 DEBUG [main] cache:45 - Couldn't find template in cache for "test-view/test-view-charts.ftl"("en", UTF-8, parsed); will try to load it.
2026-02-03 09:50:43,364 DEBUG [main] cache:45 - TemplateLoader.findTemplateSource("test-view/test-view-charts_en.ftl"): Not found
2026-02-03 09:50:43,366 DEBUG [main] cache:45 - TemplateLoader.findTemplateSource("test-view/test-view-charts.ftl"): Found
2026-02-03 09:50:43,366 DEBUG [main] cache:45 - Loading template for "test-view/test-view-charts.ftl"("en", UTF-8, parsed) from "jar:file:/C:/Users/vicky/.m2/repository/com/aventstack/extentreports/3.1.5/extentreports-3.1.5.jar!/com/aventstack/extentreports/view/html-report/test-view/test-view-charts.ftl"
2026-02-03 09:50:43,384 DEBUG [main] cache:45 - Couldn't find template in cache for "category-view/category-view.ftl"("en", UTF-8, parsed); will try to load it.
2026-02-03 09:50:43,385 DEBUG [main] cache:45 - TemplateLoader.findTemplateSource("category-view/category-view_en.ftl"): Not found
2026-02-03 09:50:43,387 DEBUG [main] cache:45 - TemplateLoader.findTemplateSource("category-view/category-view.ftl"): Found
2026-02-03 09:50:43,388 DEBUG [main] cache:45 - Loading template for "category-view/category-view.ftl"("en", UTF-8, parsed) from "jar:file:/C:/Users/vicky/.m2/repository/com/aventstack/extentreports/3.1.5/extentreports-3.1.5.jar!/com/aventstack/extentreports/view/html-report/category-view/category-view.ftl"
2026-02-03 09:50:43,423 DEBUG [main] cache:45 - Couldn't find template in cache for "author-view/author-view.ftl"("en", UTF-8, parsed); will try to load it.
2026-02-03 09:50:43,426 DEBUG [main] cache:45 - TemplateLoader.findTemplateSource("author-view/author-view_en.ftl"): Not found
2026-02-03 09:50:43,428 DEBUG [main] cache:45 - TemplateLoader.findTemplateSource("author-view/author-view.ftl"): Found
2026-02-03 09:50:43,432 DEBUG [main] cache:45 - Loading template for "author-view/author-view.ftl"("en", UTF-8, parsed) from "jar:file:/C:/Users/vicky/.m2/repository/com/aventstack/extentreports/3.1.5/extentreports-3.1.5.jar!/com/aventstack/extentreports/view/html-report/author-view/author-view.ftl"
2026-02-03 09:50:43,453 DEBUG [main] cache:45 - Couldn't find template in cache for "exception-view/exception-view.ftl"("en", UTF-8, parsed); will try to load it.
2026-02-03 09:50:43,454 DEBUG [main] cache:45 - TemplateLoader.findTemplateSource("exception-view/exception-view_en.ftl"): Not found
2026-02-03 09:50:43,460 DEBUG [main] cache:45 - TemplateLoader.findTemplateSource("exception-view/exception-view.ftl"): Found
2026-02-03 09:50:43,461 DEBUG [main] cache:45 - Loading template for "exception-view/exception-view.ftl"("en", UTF-8, parsed) from "jar:file:/C:/Users/vicky/.m2/repository/com/aventstack/extentreports/3.1.5/extentreports-3.1.5.jar!/com/aventstack/extentreports/view/html-report/exception-view/exception-view.ftl"
2026-02-03 09:50:43,487 DEBUG [main] cache:45 - Couldn't find template in cache for "dashboard-view/dashboard-view.ftl"("en", UTF-8, parsed); will try to load it.
2026-02-03 09:50:43,492 DEBUG [main] cache:45 - TemplateLoader.findTemplateSource("dashboard-view/dashboard-view_en.ftl"): Not found
2026-02-03 09:50:43,498 DEBUG [main] cache:45 - TemplateLoader.findTemplateSource("dashboard-view/dashboard-view.ftl"): Found
2026-02-03 09:50:43,499 DEBUG [main] cache:45 - Loading template for "dashboard-view/dashboard-view.ftl"("en", UTF-8, parsed) from "jar:file:/C:/Users/vicky/.m2/repository/com/aventstack/extentreports/3.1.5/extentreports-3.1.5.jar!/com/aventstack/extentreports/view/html-report/dashboard-view/dashboard-view.ftl"
2026-02-03 09:50:43,519 DEBUG [main] cache:45 - Couldn't find template in cache for "logs-view/testrunner-logs-view.ftl"("en", UTF-8, parsed); will try to load it.
2026-02-03 09:50:43,521 DEBUG [main] cache:45 - TemplateLoader.findTemplateSource("logs-view/testrunner-logs-view_en.ftl"): Not found
2026-02-03 09:50:43,522 DEBUG [main] cache:45 - TemplateLoader.findTemplateSource("logs-view/testrunner-logs-view.ftl"): Found
2026-02-03 09:50:43,523 DEBUG [main] cache:45 - Loading template for "logs-view/testrunner-logs-view.ftl"("en", UTF-8, parsed) from "jar:file:/C:/Users/vicky/.m2/repository/com/aventstack/extentreports/3.1.5/extentreports-3.1.5.jar!/com/aventstack/extentreports/view/html-report/logs-view/testrunner-logs-view.ftl"
2026-02-03 09:50:43,859 DEBUG [AsyncHttpClient-1-3] PoolThreadCache:224 - Freed 2 thread-local buffer(s) from thread: AsyncHttpClient-1-3
