2023-05-03 09:34:16,175 DEBUG [TestNG-tests-2] InternalLoggerFactory:89 - Using Log4J as the default logging framework
2023-05-03 09:34:16,190 DEBUG [TestNG-tests-2] ResourceLeakDetector:129 - -Dio.netty.leakDetection.level: simple
2023-05-03 09:34:16,193 DEBUG [TestNG-tests-2] ResourceLeakDetector:130 - -Dio.netty.leakDetection.targetRecords: 4
2023-05-03 09:34:16,202 DEBUG [TestNG-tests-2] ResourceLeakDetectorFactory:196 - Loaded default ResourceLeakDetector: io.netty.util.ResourceLeakDetector@15ced745
2023-05-03 09:34:16,225 DEBUG [TestNG-tests-2] PlatformDependent0:460 - -Dio.netty.noUnsafe: false
2023-05-03 09:34:16,226 DEBUG [TestNG-tests-2] PlatformDependent0:954 - Java version: 17
2023-05-03 09:34:16,229 DEBUG [TestNG-tests-2] PlatformDependent0:135 - sun.misc.Unsafe.theUnsafe: available
2023-05-03 09:34:16,233 DEBUG [TestNG-tests-2] PlatformDependent0:159 - sun.misc.Unsafe.copyMemory: available
2023-05-03 09:34:16,234 DEBUG [TestNG-tests-2] PlatformDependent0:202 - java.nio.Buffer.address: available
2023-05-03 09:34:16,236 DEBUG [TestNG-tests-2] PlatformDependent0:285 - direct buffer constructor: unavailable: Reflective setAccessible(true) disabled
2023-05-03 09:34:16,239 DEBUG [TestNG-tests-2] PlatformDependent0:350 - java.nio.Bits.unaligned: available, true
2023-05-03 09:34:16,241 DEBUG [TestNG-tests-2] PlatformDependent0:417 - jdk.internal.misc.Unsafe.allocateUninitializedArray(int): unavailable: class io.netty.util.internal.PlatformDependent0$6 cannot access class jdk.internal.misc.Unsafe (in module java.base) because module java.base does not export jdk.internal.misc to unnamed module @11028347
2023-05-03 09:34:16,243 DEBUG [TestNG-tests-2] PlatformDependent0:446 - java.nio.DirectByteBuffer.<init>(long, int): unavailable
2023-05-03 09:34:16,243 DEBUG [TestNG-tests-2] PlatformDependent:1103 - sun.misc.Unsafe: available
2023-05-03 09:34:16,261 DEBUG [TestNG-tests-2] PlatformDependent:1205 - maxDirectMemory: 2095054848 bytes (maybe)
2023-05-03 09:34:16,261 DEBUG [TestNG-tests-2] PlatformDependent:1224 - -Dio.netty.tmpdir: C:\Users\vicky\AppData\Local\Temp (java.io.tmpdir)
2023-05-03 09:34:16,263 DEBUG [TestNG-tests-2] PlatformDependent:1303 - -Dio.netty.bitMode: 64 (sun.arch.data.model)
2023-05-03 09:34:16,264 DEBUG [TestNG-tests-2] PlatformDependent:1063 - Platform: Windows
2023-05-03 09:34:16,266 DEBUG [TestNG-tests-2] PlatformDependent:178 - -Dio.netty.maxDirectMemory: -1 bytes
2023-05-03 09:34:16,267 DEBUG [TestNG-tests-2] PlatformDependent:185 - -Dio.netty.uninitializedArrayAllocationThreshold: -1
2023-05-03 09:34:16,270 DEBUG [TestNG-tests-2] CleanerJava9:71 - java.nio.ByteBuffer.cleaner(): available
2023-05-03 09:34:16,271 DEBUG [TestNG-tests-2] PlatformDependent:205 - -Dio.netty.noPreferDirect: false
2023-05-03 09:34:16,278 DEBUG [TestNG-tests-2] PlatformDependent:967 - org.jctools-core.MpscChunkedArrayQueue: available
2023-05-03 09:34:16,304 DEBUG [TestNG-tests-2] InternalThreadLocalMap:83 - -Dio.netty.threadLocalMap.stringBuilder.initialSize: 1024
2023-05-03 09:34:16,304 DEBUG [TestNG-tests-2] InternalThreadLocalMap:86 - -Dio.netty.threadLocalMap.stringBuilder.maxSize: 4096
2023-05-03 09:34:16,507 DEBUG [TestNG-tests-2] JdkSslContext:97 - Default protocols (JDK): [TLSv1.3, TLSv1.2] 
2023-05-03 09:34:16,507 DEBUG [TestNG-tests-2] JdkSslContext:98 - Default cipher suites (JDK): [TLS_ECDHE_ECDSA_WITH_AES_256_GCM_SHA384, TLS_ECDHE_ECDSA_WITH_AES_128_GCM_SHA256, TLS_ECDHE_RSA_WITH_AES_128_GCM_SHA256, TLS_ECDHE_RSA_WITH_AES_256_GCM_SHA384, TLS_ECDHE_RSA_WITH_AES_128_CBC_SHA, TLS_ECDHE_RSA_WITH_AES_256_CBC_SHA, TLS_RSA_WITH_AES_128_GCM_SHA256, TLS_RSA_WITH_AES_128_CBC_SHA, TLS_RSA_WITH_AES_256_CBC_SHA, TLS_AES_128_GCM_SHA256, TLS_AES_256_GCM_SHA384]
2023-05-03 09:34:16,537 DEBUG [TestNG-tests-2] MultithreadEventLoopGroup:44 - -Dio.netty.eventLoopThreads: 8
2023-05-03 09:34:16,547 DEBUG [TestNG-tests-2] NioEventLoop:106 - -Dio.netty.noKeySetOptimization: false
2023-05-03 09:34:16,547 DEBUG [TestNG-tests-2] NioEventLoop:107 - -Dio.netty.selectorAutoRebuildThreshold: 512
2023-05-03 09:34:16,589 DEBUG [TestNG-tests-2] PooledByteBufAllocator:155 - -Dio.netty.allocator.numHeapArenas: 8
2023-05-03 09:34:16,590 DEBUG [TestNG-tests-2] PooledByteBufAllocator:156 - -Dio.netty.allocator.numDirectArenas: 8
2023-05-03 09:34:16,590 DEBUG [TestNG-tests-2] PooledByteBufAllocator:158 - -Dio.netty.allocator.pageSize: 8192
2023-05-03 09:34:16,590 DEBUG [TestNG-tests-2] PooledByteBufAllocator:163 - -Dio.netty.allocator.maxOrder: 11
2023-05-03 09:34:16,591 DEBUG [TestNG-tests-2] PooledByteBufAllocator:167 - -Dio.netty.allocator.chunkSize: 16777216
2023-05-03 09:34:16,592 DEBUG [TestNG-tests-2] PooledByteBufAllocator:168 - -Dio.netty.allocator.smallCacheSize: 256
2023-05-03 09:34:16,592 DEBUG [TestNG-tests-2] PooledByteBufAllocator:169 - -Dio.netty.allocator.normalCacheSize: 64
2023-05-03 09:34:16,592 DEBUG [TestNG-tests-2] PooledByteBufAllocator:170 - -Dio.netty.allocator.maxCachedBufferCapacity: 32768
2023-05-03 09:34:16,593 DEBUG [TestNG-tests-2] PooledByteBufAllocator:171 - -Dio.netty.allocator.cacheTrimInterval: 8192
2023-05-03 09:34:16,593 DEBUG [TestNG-tests-2] PooledByteBufAllocator:172 - -Dio.netty.allocator.cacheTrimIntervalMillis: 0
2023-05-03 09:34:16,594 DEBUG [TestNG-tests-2] PooledByteBufAllocator:173 - -Dio.netty.allocator.useCacheForAllThreads: true
2023-05-03 09:34:16,594 DEBUG [TestNG-tests-2] PooledByteBufAllocator:174 - -Dio.netty.allocator.maxCachedByteBuffersPerChunk: 1023
2023-05-03 09:34:16,606 DEBUG [TestNG-tests-2] ByteBufUtil:87 - -Dio.netty.allocator.type: pooled
2023-05-03 09:34:16,606 DEBUG [TestNG-tests-2] ByteBufUtil:96 - -Dio.netty.threadLocalDirectBufferSize: 0
2023-05-03 09:34:16,607 DEBUG [TestNG-tests-2] ByteBufUtil:99 - -Dio.netty.maxThreadLocalCharBufferSize: 16384
2023-05-03 09:34:16,982 DEBUG [Forwarding newSession on session null to remote] DefaultChannelId:79 - -Dio.netty.processId: 4696 (auto-detected)
2023-05-03 09:34:16,984 DEBUG [Forwarding newSession on session null to remote] NetUtil:135 - -Djava.net.preferIPv4Stack: false
2023-05-03 09:34:16,985 DEBUG [Forwarding newSession on session null to remote] NetUtil:136 - -Djava.net.preferIPv6Addresses: false
2023-05-03 09:34:16,993 DEBUG [Forwarding newSession on session null to remote] NetUtilInitializations:129 - Loopback interface: lo (Software Loopback Interface 1, 127.0.0.1)
2023-05-03 09:34:16,994 DEBUG [Forwarding newSession on session null to remote] NetUtil:187 - Failed to get SOMAXCONN from sysctl and file \proc\sys\net\core\somaxconn. Default: 200
2023-05-03 09:34:17,014 DEBUG [Forwarding newSession on session null to remote] DefaultChannelId:101 - -Dio.netty.machineId: 48:68:4a:ff:fe:d3:b3:9b (auto-detected)
2023-05-03 09:34:17,067 DEBUG [AsyncHttpClient-1-2] AbstractByteBuf:63 - -Dio.netty.buffer.checkAccessible: true
2023-05-03 09:34:17,067 DEBUG [AsyncHttpClient-1-2] AbstractByteBuf:64 - -Dio.netty.buffer.checkBounds: true
2023-05-03 09:34:17,067 DEBUG [AsyncHttpClient-1-2] ResourceLeakDetectorFactory:196 - Loaded default ResourceLeakDetector: io.netty.util.ResourceLeakDetector@3429ebc5
2023-05-03 09:34:17,090 DEBUG [AsyncHttpClient-1-3] Recycler:103 - -Dio.netty.recycler.maxCapacityPerThread: 4096
2023-05-03 09:34:17,090 DEBUG [AsyncHttpClient-1-3] Recycler:104 - -Dio.netty.recycler.maxSharedCapacityFactor: 2
2023-05-03 09:34:17,091 DEBUG [AsyncHttpClient-1-3] Recycler:105 - -Dio.netty.recycler.linkCapacity: 16
2023-05-03 09:34:17,092 DEBUG [AsyncHttpClient-1-3] Recycler:106 - -Dio.netty.recycler.ratio: 8
2023-05-03 09:34:17,092 DEBUG [AsyncHttpClient-1-3] Recycler:107 - -Dio.netty.recycler.delayedQueue.ratio: 8
2023-05-03 09:34:18,353 DEBUG [AsyncHttpClient-1-3] Brotli:38 - brotli4j not in the classpath; Brotli support will be unavailable.
2023-05-03 09:34:18,674 DEBUG [TestNG-tests-1] ThreadLocalRandom:214 - -Dio.netty.initialSeedUniquifier: 0xa401b18a17cb8ee9
2023-05-03 09:34:42,176 DEBUG [main] cache:45 - Couldn't find template in cache for "index.ftl"("en", UTF-8, parsed); will try to load it.
2023-05-03 09:34:42,188 DEBUG [main] cache:45 - TemplateLoader.findTemplateSource("index_en.ftl"): Not found
2023-05-03 09:34:42,194 DEBUG [main] cache:45 - TemplateLoader.findTemplateSource("index.ftl"): Found
2023-05-03 09:34:42,200 DEBUG [main] cache:45 - Loading template for "index.ftl"("en", UTF-8, parsed) from "jar:file:/C:/Users/vicky/.m2/repository/com/aventstack/extentreports/3.1.5/extentreports-3.1.5.jar!/com/aventstack/extentreports/view/html-report/index.ftl"
2023-05-03 09:34:42,594 DEBUG [main] cache:45 - Couldn't find template in cache for "head.ftl"("en", UTF-8, parsed); will try to load it.
2023-05-03 09:34:42,596 DEBUG [main] cache:45 - TemplateLoader.findTemplateSource("head_en.ftl"): Not found
2023-05-03 09:34:42,601 DEBUG [main] cache:45 - TemplateLoader.findTemplateSource("head.ftl"): Found
2023-05-03 09:34:42,603 DEBUG [main] cache:45 - Loading template for "head.ftl"("en", UTF-8, parsed) from "jar:file:/C:/Users/vicky/.m2/repository/com/aventstack/extentreports/3.1.5/extentreports-3.1.5.jar!/com/aventstack/extentreports/view/html-report/head.ftl"
2023-05-03 09:34:42,609 DEBUG [main] cache:45 - Couldn't find template in cache for "nav.ftl"("en", UTF-8, parsed); will try to load it.
2023-05-03 09:34:42,611 DEBUG [main] cache:45 - TemplateLoader.findTemplateSource("nav_en.ftl"): Not found
2023-05-03 09:34:42,613 DEBUG [main] cache:45 - TemplateLoader.findTemplateSource("nav.ftl"): Found
2023-05-03 09:34:42,617 DEBUG [main] cache:45 - Loading template for "nav.ftl"("en", UTF-8, parsed) from "jar:file:/C:/Users/vicky/.m2/repository/com/aventstack/extentreports/3.1.5/extentreports-3.1.5.jar!/com/aventstack/extentreports/view/html-report/nav.ftl"
2023-05-03 09:34:42,636 DEBUG [main] cache:45 - Couldn't find template in cache for "test-view/test-view.ftl"("en", UTF-8, parsed); will try to load it.
2023-05-03 09:34:42,639 DEBUG [main] cache:45 - TemplateLoader.findTemplateSource("test-view/test-view_en.ftl"): Not found
2023-05-03 09:34:42,643 DEBUG [main] cache:45 - TemplateLoader.findTemplateSource("test-view/test-view.ftl"): Found
2023-05-03 09:34:42,643 DEBUG [main] cache:45 - Loading template for "test-view/test-view.ftl"("en", UTF-8, parsed) from "jar:file:/C:/Users/vicky/.m2/repository/com/aventstack/extentreports/3.1.5/extentreports-3.1.5.jar!/com/aventstack/extentreports/view/html-report/test-view/test-view.ftl"
2023-05-03 09:34:42,675 DEBUG [main] cache:45 - Couldn't find template in cache for "test-view/standard.ftl"("en", UTF-8, parsed); will try to load it.
2023-05-03 09:34:42,679 DEBUG [main] cache:45 - TemplateLoader.findTemplateSource("test-view/standard_en.ftl"): Not found
2023-05-03 09:34:42,683 DEBUG [main] cache:45 - TemplateLoader.findTemplateSource("test-view/standard.ftl"): Found
2023-05-03 09:34:42,684 DEBUG [main] cache:45 - Loading template for "test-view/standard.ftl"("en", UTF-8, parsed) from "jar:file:/C:/Users/vicky/.m2/repository/com/aventstack/extentreports/3.1.5/extentreports-3.1.5.jar!/com/aventstack/extentreports/view/html-report/test-view/standard.ftl"
2023-05-03 09:34:42,723 DEBUG [main] cache:45 - "test-view/standard.ftl"("en", UTF-8, parsed) cached copy not yet stale; using cached.
2023-05-03 09:34:42,727 DEBUG [main] cache:45 - "test-view/standard.ftl"("en", UTF-8, parsed) cached copy not yet stale; using cached.
2023-05-03 09:34:42,740 DEBUG [main] cache:45 - "test-view/standard.ftl"("en", UTF-8, parsed) cached copy not yet stale; using cached.
2023-05-03 09:34:42,743 DEBUG [main] cache:45 - "test-view/standard.ftl"("en", UTF-8, parsed) cached copy not yet stale; using cached.
2023-05-03 09:34:42,751 DEBUG [main] cache:45 - "test-view/standard.ftl"("en", UTF-8, parsed) cached copy not yet stale; using cached.
2023-05-03 09:34:42,756 DEBUG [main] cache:45 - "test-view/standard.ftl"("en", UTF-8, parsed) cached copy not yet stale; using cached.
2023-05-03 09:34:42,761 DEBUG [main] cache:45 - "test-view/standard.ftl"("en", UTF-8, parsed) cached copy not yet stale; using cached.
2023-05-03 09:34:42,765 DEBUG [main] cache:45 - "test-view/standard.ftl"("en", UTF-8, parsed) cached copy not yet stale; using cached.
2023-05-03 09:34:42,770 DEBUG [main] cache:45 - Couldn't find template in cache for "test-view/test-view-charts.ftl"("en", UTF-8, parsed); will try to load it.
2023-05-03 09:34:42,773 DEBUG [main] cache:45 - TemplateLoader.findTemplateSource("test-view/test-view-charts_en.ftl"): Not found
2023-05-03 09:34:42,777 DEBUG [main] cache:45 - TemplateLoader.findTemplateSource("test-view/test-view-charts.ftl"): Found
2023-05-03 09:34:42,779 DEBUG [main] cache:45 - Loading template for "test-view/test-view-charts.ftl"("en", UTF-8, parsed) from "jar:file:/C:/Users/vicky/.m2/repository/com/aventstack/extentreports/3.1.5/extentreports-3.1.5.jar!/com/aventstack/extentreports/view/html-report/test-view/test-view-charts.ftl"
2023-05-03 09:34:42,795 DEBUG [main] cache:45 - Couldn't find template in cache for "category-view/category-view.ftl"("en", UTF-8, parsed); will try to load it.
2023-05-03 09:34:42,800 DEBUG [main] cache:45 - TemplateLoader.findTemplateSource("category-view/category-view_en.ftl"): Not found
2023-05-03 09:34:42,802 DEBUG [main] cache:45 - TemplateLoader.findTemplateSource("category-view/category-view.ftl"): Found
2023-05-03 09:34:42,803 DEBUG [main] cache:45 - Loading template for "category-view/category-view.ftl"("en", UTF-8, parsed) from "jar:file:/C:/Users/vicky/.m2/repository/com/aventstack/extentreports/3.1.5/extentreports-3.1.5.jar!/com/aventstack/extentreports/view/html-report/category-view/category-view.ftl"
2023-05-03 09:34:42,813 DEBUG [main] cache:45 - Couldn't find template in cache for "author-view/author-view.ftl"("en", UTF-8, parsed); will try to load it.
2023-05-03 09:34:42,818 DEBUG [main] cache:45 - TemplateLoader.findTemplateSource("author-view/author-view_en.ftl"): Not found
2023-05-03 09:34:42,820 DEBUG [main] cache:45 - TemplateLoader.findTemplateSource("author-view/author-view.ftl"): Found
2023-05-03 09:34:42,821 DEBUG [main] cache:45 - Loading template for "author-view/author-view.ftl"("en", UTF-8, parsed) from "jar:file:/C:/Users/vicky/.m2/repository/com/aventstack/extentreports/3.1.5/extentreports-3.1.5.jar!/com/aventstack/extentreports/view/html-report/author-view/author-view.ftl"
2023-05-03 09:34:42,830 DEBUG [main] cache:45 - Couldn't find template in cache for "exception-view/exception-view.ftl"("en", UTF-8, parsed); will try to load it.
2023-05-03 09:34:42,834 DEBUG [main] cache:45 - TemplateLoader.findTemplateSource("exception-view/exception-view_en.ftl"): Not found
2023-05-03 09:34:42,836 DEBUG [main] cache:45 - TemplateLoader.findTemplateSource("exception-view/exception-view.ftl"): Found
2023-05-03 09:34:42,837 DEBUG [main] cache:45 - Loading template for "exception-view/exception-view.ftl"("en", UTF-8, parsed) from "jar:file:/C:/Users/vicky/.m2/repository/com/aventstack/extentreports/3.1.5/extentreports-3.1.5.jar!/com/aventstack/extentreports/view/html-report/exception-view/exception-view.ftl"
2023-05-03 09:34:42,891 DEBUG [main] cache:45 - Couldn't find template in cache for "dashboard-view/dashboard-view.ftl"("en", UTF-8, parsed); will try to load it.
2023-05-03 09:34:42,893 DEBUG [main] cache:45 - TemplateLoader.findTemplateSource("dashboard-view/dashboard-view_en.ftl"): Not found
2023-05-03 09:34:42,895 DEBUG [main] cache:45 - TemplateLoader.findTemplateSource("dashboard-view/dashboard-view.ftl"): Found
2023-05-03 09:34:42,899 DEBUG [main] cache:45 - Loading template for "dashboard-view/dashboard-view.ftl"("en", UTF-8, parsed) from "jar:file:/C:/Users/vicky/.m2/repository/com/aventstack/extentreports/3.1.5/extentreports-3.1.5.jar!/com/aventstack/extentreports/view/html-report/dashboard-view/dashboard-view.ftl"
2023-05-03 09:34:42,912 DEBUG [main] cache:45 - Couldn't find template in cache for "logs-view/testrunner-logs-view.ftl"("en", UTF-8, parsed); will try to load it.
2023-05-03 09:34:42,926 DEBUG [main] cache:45 - TemplateLoader.findTemplateSource("logs-view/testrunner-logs-view_en.ftl"): Not found
2023-05-03 09:34:42,928 DEBUG [main] cache:45 - TemplateLoader.findTemplateSource("logs-view/testrunner-logs-view.ftl"): Found
2023-05-03 09:34:42,930 DEBUG [main] cache:45 - Loading template for "logs-view/testrunner-logs-view.ftl"("en", UTF-8, parsed) from "jar:file:/C:/Users/vicky/.m2/repository/com/aventstack/extentreports/3.1.5/extentreports-3.1.5.jar!/com/aventstack/extentreports/view/html-report/logs-view/testrunner-logs-view.ftl"
2023-05-03 09:34:43,086 DEBUG [AsyncHttpClient-1-2] PoolThreadCache:224 - Freed 4 thread-local buffer(s) from thread: AsyncHttpClient-1-2
2023-05-03 09:34:43,087 DEBUG [AsyncHttpClient-1-3] PoolThreadCache:224 - Freed 16 thread-local buffer(s) from thread: AsyncHttpClient-1-3
2023-05-03 09:34:43,087 DEBUG [AsyncHttpClient-1-5] PoolThreadCache:224 - Freed 2 thread-local buffer(s) from thread: AsyncHttpClient-1-5
2023-05-03 09:34:43,090 DEBUG [AsyncHttpClient-1-6] PoolThreadCache:224 - Freed 4 thread-local buffer(s) from thread: AsyncHttpClient-1-6
2023-05-03 09:34:43,091 DEBUG [AsyncHttpClient-1-7] PoolThreadCache:224 - Freed 2 thread-local buffer(s) from thread: AsyncHttpClient-1-7
